2019-12-11 15:43:10<xml><ToUserName><![CDATA[gh_dcce247f9947]]></ToUserName>
<FromUserName><![CDATA[o8rxRwDiVovnSfnWIr--fH2O4_F0]]></FromUserName>
<CreateTime>1576050165</CreateTime>
<MsgType><![CDATA[event]]></MsgType>
<Event><![CDATA[subscribe]]></Event>
<EventKey><![CDATA[]]></EventKey>
</xml>2019-12-11 15:44:43<xml><ToUserName><![CDATA[gh_dcce247f9947]]></ToUserName>
<FromUserName><![CDATA[o8rxRwDiVovnSfnWIr--fH2O4_F0]]></FromUserName>
<CreateTime>1576050165</CreateTime>
<MsgType><![CDATA[event]]></MsgType>
<Event><![CDATA[subscribe]]></Event>
<EventKey><![CDATA[]]></EventKey>
</xml>2019-12-11 15:48:20<xml><ToUserName><![CDATA[gh_dcce247f9947]]></ToUserName>
<FromUserName><![CDATA[o8rxRwDiVovnSfnWIr--fH2O4_F0]]></FromUserName>
<CreateTime>1576050165</CreateTime>
<MsgType><![CDATA[event]]></MsgType>
<Event><![CDATA[subscribe]]></Event>
<EventKey><![CDATA[]]></EventKey>
</xml>2019-12-11 16:01:14<xml><ToUserName><![CDATA[gh_dcce247f9947]]></ToUserName>
<FromUserName><![CDATA[o8rxRwDiVovnSfnWIr--fH2O4_F0]]></FromUserName>
<CreateTime>1576050165</CreateTime>
<MsgType><![CDATA[event]]></MsgType>
<Event><![CDATA[subscribe]]></Event>
<EventKey><![CDATA[]]></EventKey>
</xml>2019-12-11 16:02:19<xml><ToUserName><![CDATA[gh_dcce247f9947]]></ToUserName>
<FromUserName><![CDATA[o8rxRwDiVovnSfnWIr--fH2O4_F0]]></FromUserName>
<CreateTime>1576050165</CreateTime>
<MsgType><![CDATA[event]]></MsgType>
<Event><![CDATA[subscribe]]></Event>
<EventKey><![CDATA[]]></EventKey>
</xml>2019-12-11 16:09:09<xml><ToUserName><![CDATA[gh_dcce247f9947]]></ToUserName>
<FromUserName><![CDATA[o8rxRwDiVovnSfnWIr--fH2O4_F0]]></FromUserName>
<CreateTime>1576050165</CreateTime>
<MsgType><![CDATA[event]]></MsgType>
<Event><![CDATA[subscribe]]></Event>
<EventKey><![CDATA[]]></EventKey>
</xml>2019-12-11 16:12:08<xml><ToUserName><![CDATA[gh_dcce247f9947]]></ToUserName>
<FromUserName><![CDATA[o8rxRwDiVovnSfnWIr--fH2O4_F0]]></FromUserName>
<CreateTime>1576050165</CreateTime>
<MsgType><![CDATA[event]]></MsgType>
<Event><![CDATA[subscribe]]></Event>
<EventKey><![CDATA[]]></EventKey>
</xml>2019-12-11 16:18:46<xml><ToUserName><![CDATA[gh_dcce247f9947]]></ToUserName>
<FromUserName><![CDATA[o8rxRwDiVovnSfnWIr--fH2O4_F0]]></FromUserName>
<CreateTime>1576050165</CreateTime>
<MsgType><![CDATA[event]]></MsgType>
<Event><![CDATA[subscribe]]></Event>
<EventKey><![CDATA[]]></EventKey>
</xml>2019-12-11 16:19:38<xml><ToUserName><![CDATA[gh_dcce247f9947]]></ToUserName>
<FromUserName><![CDATA[o8rxRwDiVovnSfnWIr--fH2O4_F0]]></FromUserName>
<CreateTime>1576050165</CreateTime>
<MsgType><![CDATA[event]]></MsgType>
<Event><![CDATA[subscribe]]></Event>
<EventKey><![CDATA[]]></EventKey>
</xml>2019-12-11 16:26:55<xml><ToUserName><![CDATA[gh_dcce247f9947]]></ToUserName>
<FromUserName><![CDATA[o8rxRwDiVovnSfnWIr--fH2O4_F0]]></FromUserName>
<CreateTime>1576050165</CreateTime>
<MsgType><![CDATA[event]]></MsgType>
<Event><![CDATA[subscribe]]></Event>
<EventKey><![CDATA[]]></EventKey>
</xml>2019-12-11 16:30:16<xml><ToUserName><![CDATA[gh_dcce247f9947]]></ToUserName>
<FromUserName><![CDATA[o8rxRwDiVovnSfnWIr--fH2O4_F0]]></FromUserName>
<CreateTime>1576050165</CreateTime>
<MsgType><![CDATA[event]]></MsgType>
<Event><![CDATA[subscribe]]></Event>
<EventKey><![CDATA[]]></EventKey>
</xml>2019-12-11 16:50:39<xml><ToUserName><![CDATA[gh_dcce247f9947]]></ToUserName>
<FromUserName><![CDATA[o8rxRwDiVovnSfnWIr--fH2O4_F0]]></FromUserName>
<CreateTime>1576050165</CreateTime>
<MsgType><![CDATA[event]]></MsgType>
<Event><![CDATA[subscribe]]></Event>
<EventKey><![CDATA[]]></EventKey>
</xml>2019-12-11 16:52:29<xml><ToUserName><![CDATA[gh_dcce247f9947]]></ToUserName>
<FromUserName><![CDATA[o8rxRwDiVovnSfnWIr--fH2O4_F0]]></FromUserName>
<CreateTime>1576050165</CreateTime>
<MsgType><![CDATA[event]]></MsgType>
<Event><![CDATA[subscribe]]></Event>
<EventKey><![CDATA[]]></EventKey>
</xml>2019-12-11 16:53:06<xml><ToUserName><![CDATA[gh_dcce247f9947]]></ToUserName>
<FromUserName><![CDATA[o8rxRwDiVovnSfnWIr--fH2O4_F0]]></FromUserName>
<CreateTime>1576050165</CreateTime>
<MsgType><![CDATA[event]]></MsgType>
<Event><![CDATA[subscribe]]></Event>
<EventKey><![CDATA[]]></EventKey>
</xml>2019-12-11 16:58:51<xml><ToUserName><![CDATA[gh_dcce247f9947]]></ToUserName>
<FromUserName><![CDATA[o8rxRwDiVovnSfnWIr--fH2O4_F0]]></FromUserName>
<CreateTime>1576050165</CreateTime>
<MsgType><![CDATA[event]]></MsgType>
<Event><![CDATA[subscribe]]></Event>
<EventKey><![CDATA[]]></EventKey>
</xml>2019-12-11 16:59:55<xml><ToUserName><![CDATA[gh_dcce247f9947]]></ToUserName>
<FromUserName><![CDATA[o8rxRwDiVovnSfnWIr--fH2O4_F0]]></FromUserName>
<CreateTime>1576050165</CreateTime>
<MsgType><![CDATA[event]]></MsgType>
<Event><![CDATA[subscribe]]></Event>
<EventKey><![CDATA[]]></EventKey>
</xml>2019-12-11 18:00:29<xml><ToUserName><![CDATA[gh_dcce247f9947]]></ToUserName>
<FromUserName><![CDATA[o8rxRwDiVovnSfnWIr--fH2O4_F0]]></FromUserName>
<CreateTime>1576050165</CreateTime>
<MsgType><![CDATA[event]]></MsgType>
<Event><![CDATA[subscribe]]></Event>
<EventKey><![CDATA[]]></EventKey>
</xml>2019-12-11 18:01:03<xml><ToUserName><![CDATA[gh_dcce247f9947]]></ToUserName>
<FromUserName><![CDATA[o8rxRwDiVovnSfnWIr--fH2O4_F0]]></FromUserName>
<CreateTime>1576050165</CreateTime>
<MsgType><![CDATA[event]]></MsgType>
<Event><![CDATA[subscribe]]></Event>
<EventKey><![CDATA[]]></EventKey>
</xml>2019-12-11 18:01:15<xml><ToUserName><![CDATA[gh_dcce247f9947]]></ToUserName>
<FromUserName><![CDATA[o8rxRwDiVovnSfnWIr--fH2O4_F0]]></FromUserName>
<CreateTime>1576050165</CreateTime>
<MsgType><![CDATA[event]]></MsgType>
<Event><![CDATA[subscribe]]></Event>
<EventKey><![CDATA[]]></EventKey>
</xml>2019-12-12 09:09:31<xml><ToUserName><![CDATA[gh_dcce247f9947]]></ToUserName>
<FromUserName><![CDATA[o8rxRwDiVovnSfnWIr--fH2O4_F0]]></FromUserName>
<CreateTime>1576050165</CreateTime>
<MsgType><![CDATA[event]]></MsgType>
<Event><![CDATA[subscribe]]></Event>
<EventKey><![CDATA[]]></EventKey>
</xml>2019-12-12 09:10:01<xml><ToUserName><![CDATA[gh_dcce247f9947]]></ToUserName>
<FromUserName><![CDATA[o8rxRwDiVovnSfnWIr--fH2O4_F0]]></FromUserName>
<CreateTime>1576050165</CreateTime>
<MsgType><![CDATA[event]]></MsgType>
<Event><![CDATA[subscribe]]></Event>
<EventKey><![CDATA[]]></EventKey>
</xml>2019-12-12 09:23:18<xml><ToUserName><![CDATA[gh_dcce247f9947]]></ToUserName>
<FromUserName><![CDATA[o8rxRwDiVovnSfnWIr--fH2O4_F0]]></FromUserName>
<CreateTime>1576050165</CreateTime>
<MsgType><![CDATA[event]]></MsgType>
<Event><![CDATA[subscribe]]></Event>
<EventKey><![CDATA[]]></EventKey>
</xml>2019-12-12 18:27:49<xml><ToUserName><![CDATA[gh_dcce247f9947]]></ToUserName>
<FromUserName><![CDATA[o8rxRwDiVovnSfnWIr--fH2O4_F0]]></FromUserName>
<CreateTime>1576050165</CreateTime>
<MsgType><![CDATA[event]]></MsgType>
<Event><![CDATA[subscribe]]></Event>
<EventKey><![CDATA[]]></EventKey>
</xml>2019-12-12 18:30:40<xml><ToUserName><![CDATA[gh_dcce247f9947]]></ToUserName>
<FromUserName><![CDATA[o8rxRwDiVovnSfnWIr--fH2O4_F0]]></FromUserName>
<CreateTime>1576050165</CreateTime>
<MsgType><![CDATA[event]]></MsgType>
<Event><![CDATA[subscribe]]></Event>
<EventKey><![CDATA[]]></EventKey>
</xml>2019-12-16 19:53:31>>>>>>>
<xml><ToUserName><![CDATA[gh_dcce247f9947]]></ToUserName>
<FromUserName><![CDATA[o8rxRwDiVovnSfnWIr--fH2O4_F0]]></FromUserName>
<CreateTime>1576494107</CreateTime>
<MsgType><![CDATA[video]]></MsgType>
<MediaId><![CDATA[uICODWEplhkv_ArcYI1iDOZhfsn4128V88tz9vAQtOqo1QnSgKyrjh43eN6HuxGK]]></MediaId>
<ThumbMediaId><![CDATA[7KlSWVxN1tJEP4Lkxmo3RphZdK2QRYMSLN2_fmc9oF8wDMLrw-Ib84yamnU50IEN]]></ThumbMediaId>
<MsgId>22569968315647966</MsgId>
</xml>

2019-12-17 15:21:05>>>>>>>
<xml><ToUserName><![CDATA[gh_dcce247f9947]]></ToUserName>
<FromUserName><![CDATA[o8rxRwDiVovnSfnWIr--fH2O4_F0]]></FromUserName>
<CreateTime>1576566857</CreateTime>
<MsgType><![CDATA[event]]></MsgType>
<Event><![CDATA[CLICK]]></Event>
<EventKey><![CDATA[tianqi]]></EventKey>
</xml>


2019-12-17 15:21:13>>>>>>>
<xml><ToUserName><![CDATA[gh_dcce247f9947]]></ToUserName>
<FromUserName><![CDATA[o8rxRwDiVovnSfnWIr--fH2O4_F0]]></FromUserName>
<CreateTime>1576566857</CreateTime>
<MsgType><![CDATA[event]]></MsgType>
<Event><![CDATA[CLICK]]></Event>
<EventKey><![CDATA[tianqi]]></EventKey>
</xml>


2019-12-17 15:22:03>>>>>>>
<xml><ToUserName><![CDATA[gh_dcce247f9947]]></ToUserName>
<FromUserName><![CDATA[o8rxRwDiVovnSfnWIr--fH2O4_F0]]></FromUserName>
<CreateTime>1576566857</CreateTime>
<MsgType><![CDATA[event]]></MsgType>
<Event><![CDATA[CLICK]]></Event>
<EventKey><![CDATA[tianqi]]></EventKey>
</xml>


2019-12-17 15:22:38>>>>>>>
<xml><ToUserName><![CDATA[gh_dcce247f9947]]></ToUserName>
<FromUserName><![CDATA[o8rxRwDiVovnSfnWIr--fH2O4_F0]]></FromUserName>
<CreateTime>1576566857</CreateTime>
<MsgType><![CDATA[event]]></MsgType>
<Event><![CDATA[CLICK]]></Event>
<EventKey><![CDATA[tianqi]]></EventKey>
</xml>


2019-12-17 15:23:07>>>>>>>
<xml><ToUserName><![CDATA[gh_dcce247f9947]]></ToUserName>
<FromUserName><![CDATA[o8rxRwDiVovnSfnWIr--fH2O4_F0]]></FromUserName>
<CreateTime>1576566857</CreateTime>
<MsgType><![CDATA[event]]></MsgType>
<Event><![CDATA[CLICK]]></Event>
<EventKey><![CDATA[tianqi]]></EventKey>
</xml>


2019-12-17 15:23:10>>>>>>>
<xml><ToUserName><![CDATA[gh_dcce247f9947]]></ToUserName>
<FromUserName><![CDATA[o8rxRwDiVovnSfnWIr--fH2O4_F0]]></FromUserName>
<CreateTime>1576566857</CreateTime>
<MsgType><![CDATA[event]]></MsgType>
<Event><![CDATA[CLICK]]></Event>
<EventKey><![CDATA[tianqi]]></EventKey>
</xml>


2019-12-17 15:27:37>>>>>>>
<xml><ToUserName><![CDATA[gh_dcce247f9947]]></ToUserName>
<FromUserName><![CDATA[o8rxRwDiVovnSfnWIr--fH2O4_F0]]></FromUserName>
<CreateTime>1576566857</CreateTime>
<MsgType><![CDATA[event]]></MsgType>
<Event><![CDATA[CLICK]]></Event>
<EventKey><![CDATA[tianqi]]></EventKey>
</xml>


2019-12-17 15:29:26>>>>>>>
<xml><ToUserName><![CDATA[gh_dcce247f9947]]></ToUserName>
<FromUserName><![CDATA[o8rxRwDiVovnSfnWIr--fH2O4_F0]]></FromUserName>
<CreateTime>1576566857</CreateTime>
<MsgType><![CDATA[event]]></MsgType>
<Event><![CDATA[CLICK]]></Event>
<EventKey><![CDATA[tianqi]]></EventKey>
</xml>


2019-12-17 15:32:45>>>>>>>
<xml><ToUserName><![CDATA[gh_dcce247f9947]]></ToUserName>
<FromUserName><![CDATA[o8rxRwDiVovnSfnWIr--fH2O4_F0]]></FromUserName>
<CreateTime>1576566857</CreateTime>
<MsgType><![CDATA[event]]></MsgType>
<Event><![CDATA[CLICK]]></Event>
<EventKey><![CDATA[tianqi]]></EventKey>
</xml>


2019-12-17 15:33:24>>>>>>>
<xml><ToUserName><![CDATA[gh_dcce247f9947]]></ToUserName>
<FromUserName><![CDATA[o8rxRwDiVovnSfnWIr--fH2O4_F0]]></FromUserName>
<CreateTime>1576566857</CreateTime>
<MsgType><![CDATA[event]]></MsgType>
<Event><![CDATA[CLICK]]></Event>
<EventKey><![CDATA[tianqi]]></EventKey>
</xml>


2019-12-17 15:34:04>>>>>>>
<xml><ToUserName><![CDATA[gh_dcce247f9947]]></ToUserName>
<FromUserName><![CDATA[o8rxRwDiVovnSfnWIr--fH2O4_F0]]></FromUserName>
<CreateTime>1576566857</CreateTime>
<MsgType><![CDATA[event]]></MsgType>
<Event><![CDATA[CLICK]]></Event>
<EventKey><![CDATA[tianqi]]></EventKey>
</xml>


2019-12-17 15:34:48>>>>>>>
<xml><ToUserName><![CDATA[gh_dcce247f9947]]></ToUserName>
<FromUserName><![CDATA[o8rxRwDiVovnSfnWIr--fH2O4_F0]]></FromUserName>
<CreateTime>1576566857</CreateTime>
<MsgType><![CDATA[event]]></MsgType>
<Event><![CDATA[CLICK]]></Event>
<EventKey><![CDATA[tianqi]]></EventKey>
</xml>


2019-12-17 15:35:17>>>>>>>
<xml><ToUserName><![CDATA[gh_dcce247f9947]]></ToUserName>
<FromUserName><![CDATA[o8rxRwDiVovnSfnWIr--fH2O4_F0]]></FromUserName>
<CreateTime>1576566857</CreateTime>
<MsgType><![CDATA[event]]></MsgType>
<Event><![CDATA[CLICK]]></Event>
<EventKey><![CDATA[tianqi]]></EventKey>
</xml>


